<?xml version="1.0" encoding="UTF-8"?><testsuite errors="0" failures="0" name="Exercise 2 (QAA-02) - Automation de API" skipped="1" tests="6" time="16.95" timestamp="2021-12-20 12:19:33"><testcase name="As a user I want to test the POST operation on verb"><skipped/></testcase><testcase name="As a user I want to test the POST operation on JsonPlaceHolder"/><testcase name="As a user I want to get all Photographs"/><testcase name="As a user I want to get all Albums"/><testcase name="As a user I want to get all Comments"/><testcase name="As a user I want to get all Users"/></testsuite>